<?xml version="1.0" encoding="UTF-8"?>
<testsuite name="org.example.parsers.FixedLengthParserTest" tests="1" skipped="0" failures="0" errors="0" timestamp="2024-06-26T21:53:45" hostname="pranavs-mbp.lan" time="0.01">
  <properties/>
  <testcase name="parseTransaction()" classname="org.example.parsers.FixedLengthParserTest" time="0.01"/>
  <system-out><![CDATA[123
QWER
TYASD
FZXCVB
]]></system-out>
  <system-err><![CDATA[]]></system-err>
</testsuite>
